[INFO] Scanning for projects...
[INFO] 
[INFO] --------------------------< com.paf:smarthub >--------------------------
[INFO] Building  0.0.1-SNAPSHOT
[INFO]   from pom.xml
[INFO] --------------------------------[ jar ]---------------------------------
[INFO] 
[INFO] >>> spring-boot:4.0.5:run (default-cli) > test-compile @ smarthub >>>
[INFO] 
[INFO] --- resources:3.3.1:resources (default-resources) @ smarthub ---
[INFO] Copying 1 resource from src\main\resources to target\classes
[INFO] Copying 1 resource from src\main\resources to target\classes
[INFO] 
[INFO] --- compiler:3.14.1:compile (default-compile) @ smarthub ---
[INFO] Nothing to compile - all classes are up to date.
[INFO] 
[INFO] --- resources:3.3.1:testResources (default-testResources) @ smarthub ---
[INFO] skip non existing resourceDirectory E:\University\3rd Year\3rd Year 2nd sem\IT semester 2\PAF\Project\it3030-paf-2026-smart-campus-groupXX-\smarthub-backend\src\test\resources
[INFO] 
[INFO] --- compiler:3.14.1:testCompile (default-testCompile) @ smarthub ---
[INFO] Nothing to compile - all classes are up to date.
[INFO] 
[INFO] <<< spring-boot:4.0.5:run (default-cli) < test-compile @ smarthub <<<
[INFO] 
[INFO] 
[INFO] --- spring-boot:4.0.5:run (default-cli) @ smarthub ---
[INFO] Attaching agents: []

  .   ____          _            __ _ _
 /\\ / ___'_ __ _ _(_)_ __  __ _ \ \ \ \
( ( )\___ | '_ | '_| | '_ \/ _` | \ \ \ \
 \\/  ___)| |_)| | | | | || (_| |  ) ) ) )
  '  |____| .__|_| |_|_| |_\__, | / / / /
 =========|_|==============|___/=/_/_/_/

 :: Spring Boot ::                (v4.0.5)

2026-04-21T07:23:10.575+05:30  INFO 26548 --- [smart-campus-backend] [  restartedMain] com.paf.smarthub.SmarthubApplication     : Starting SmarthubApplication using Java 22.0.2 with PID 26548 (E:\University\3rd Year\3rd Year 2nd sem\IT semester 2\PAF\Project\it3030-paf-2026-smart-campus-groupXX-\smarthub-backend\target\classes started by CHAMA COMPUTERS in E:\University\3rd Year\3rd Year 2nd sem\IT semester 2\PAF\Project\it3030-paf-2026-smart-campus-groupXX-\smarthub-backend)
2026-04-21T07:23:10.579+05:30  INFO 26548 --- [smart-campus-backend] [  restartedMain] com.paf.smarthub.SmarthubApplication     : No active profile set, falling back to 1 default profile: "default"
2026-04-21T07:23:10.635+05:30  INFO 26548 --- [smart-campus-backend] [  restartedMain] .e.DevToolsPropertyDefaultsPostProcessor : Devtools property defaults active! Set 'spring.devtools.add-properties' to 'false' to disable
2026-04-21T07:23:10.636+05:30  INFO 26548 --- [smart-campus-backend] [  restartedMain] .e.DevToolsPropertyDefaultsPostProcessor : For additional web related logging consider setting the 'logging.level.web' property to 'DEBUG'
2026-04-21T07:23:11.333+05:30  INFO 26548 --- [smart-campus-backend] [  restartedMain] .s.d.r.c.RepositoryConfigurationDelegate : Bootstrapping Spring Data JPA repositories in DEFAULT mode.
2026-04-21T07:23:11.390+05:30  INFO 26548 --- [smart-campus-backend] [  restartedMain] .s.d.r.c.RepositoryConfigurationDelegate : Finished Spring Data repository scanning in 49 ms. Found 3 JPA repository interfaces.
2026-04-21T07:23:11.960+05:30  INFO 26548 --- [smart-campus-backend] [  restartedMain] o.s.boot.tomcat.TomcatWebServer          : Tomcat initialized with port 8080 (http)
2026-04-21T07:23:11.974+05:30  INFO 26548 --- [smart-campus-backend] [  restartedMain] o.apache.catalina.core.StandardService   : Starting service [Tomcat]
2026-04-21T07:23:11.974+05:30  INFO 26548 --- [smart-campus-backend] [  restartedMain] o.apache.catalina.core.StandardEngine    : Starting Servlet engine: [Apache Tomcat/11.0.20]
2026-04-21T07:23:12.015+05:30  INFO 26548 --- [smart-campus-backend] [  restartedMain] b.w.c.s.WebApplicationContextInitializer : Root WebApplicationContext: initialization completed in 1379 ms
2026-04-21T07:23:12.153+05:30  INFO 26548 --- [smart-campus-backend] [  restartedMain] org.hibernate.orm.jpa                    : HHH008540: Processing PersistenceUnitInfo [name: default]
2026-04-21T07:23:12.202+05:30  INFO 26548 --- [smart-campus-backend] [  restartedMain] org.hibernate.orm.core                   : HHH000001: Hibernate ORM core version 7.2.7.Final
2026-04-21T07:23:12.600+05:30  INFO 26548 --- [smart-campus-backend] [  restartedMain] o.s.o.j.p.SpringPersistenceUnitInfo      : No LoadTimeWeaver setup: ignoring JPA class transformer
2026-04-21T07:23:12.631+05:30  INFO 26548 --- [smart-campus-backend] [  restartedMain] com.zaxxer.hikari.HikariDataSource       : HikariPool-1 - Starting...
2026-04-21T07:23:12.812+05:30  INFO 26548 --- [smart-campus-backend] [  restartedMain] com.zaxxer.hikari.pool.HikariPool        : HikariPool-1 - Added connection conn0: url=jdbc:h2:mem:smart_campus_db user=SA
2026-04-21T07:23:12.814+05:30  INFO 26548 --- [smart-campus-backend] [  restartedMain] com.zaxxer.hikari.HikariDataSource       : HikariPool-1 - Start completed.
2026-04-21T07:23:12.836+05:30  WARN 26548 --- [smart-campus-backend] [  restartedMain] org.hibernate.orm.deprecation            : HHH90000025: H2Dialect does not need to be specified explicitly using 'hibernate.dialect' (remove the property setting and it will be selected by default)
2026-04-21T07:23:12.858+05:30  INFO 26548 --- [smart-campus-backend] [  restartedMain] org.hibernate.orm.connections.pooling    : HHH10001005: Database info:
	Database JDBC URL [jdbc:h2:mem:smart_campus_db]
	Database driver: H2 JDBC Driver
	Database dialect: H2Dialect
	Database version: 2.4.240
	Default catalog/schema: SMART_CAMPUS_DB/PUBLIC
	Autocommit mode: undefined/unknown
	Isolation level: READ_COMMITTED [default READ_COMMITTED]
	JDBC fetch size: 100
	Pool: DataSourceConnectionProvider
	Minimum pool size: undefined/unknown
	Maximum pool size: undefined/unknown
2026-04-21T07:23:13.847+05:30  INFO 26548 --- [smart-campus-backend] [  restartedMain] org.hibernate.orm.core                   : HHH000489: No JTA platform available (set 'hibernate.transaction.jta.platform' to enable JTA platform integration)
2026-04-21T07:23:13.865+05:30 DEBUG 26548 --- [smart-campus-backend] [  restartedMain] org.hibernate.SQL                        : 
    drop table if exists booking cascade 
Hibernate: 
    drop table if exists booking cascade 
2026-04-21T07:23:13.867+05:30 DEBUG 26548 --- [smart-campus-backend] [  restartedMain] org.hibernate.SQL                        : 
    drop table if exists facilities cascade 
Hibernate: 
    drop table if exists facilities cascade 
2026-04-21T07:23:13.868+05:30 DEBUG 26548 --- [smart-campus-backend] [  restartedMain] org.hibernate.SQL                        : 
    drop table if exists users cascade 
Hibernate: 
    drop table if exists users cascade 
2026-04-21T07:23:13.873+05:30 DEBUG 26548 --- [smart-campus-backend] [  restartedMain] org.hibernate.SQL                        : 
    create table booking (
        booking_date date not null,
        end_time time(0) not null,
        start_time time(0) not null,
        created_at timestamp(6) not null,
        facility_id bigint not null,
        id bigint generated by default as identity,
        updated_at timestamp(6) not null,
        user_id bigint not null,
        purpose varchar(1000),
        reason varchar(255),
        status enum ('APPROVED','CANCELLED','PENDING','REJECTED') not null,
        primary key (id)
    )
Hibernate: 
    create table booking (
        booking_date date not null,
        end_time time(0) not null,
        start_time time(0) not null,
        created_at timestamp(6) not null,
        facility_id bigint not null,
        id bigint generated by default as identity,
        updated_at timestamp(6) not null,
        user_id bigint not null,
        purpose varchar(1000),
        reason varchar(255),
        status enum ('APPROVED','CANCELLED','PENDING','REJECTED') not null,
        primary key (id)
    )
2026-04-21T07:23:13.884+05:30 DEBUG 26548 --- [smart-campus-backend] [  restartedMain] org.hibernate.SQL                        : 
    create table facilities (
        available_from time(0),
        available_to time(0),
        capacity integer,
        created_at timestamp(6) not null,
        id bigint generated by default as identity,
        updated_at timestamp(6) not null,
        name varchar(150) not null unique,
        image_url varchar(512),
        description TEXT,
        location varchar(255) not null,
        asset_type enum ('CAMERA','LAPTOP','MICROPHONE','OTHER','PRINTER','PROJECTOR','WHITEBOARD'),
        facility_type enum ('AUDITORIUM','EQUIPMENT','LAB','LECTURE_HALL','MEETING_ROOM') not null,
        status enum ('ACTIVE','OUT_OF_SERVICE') not null,
        primary key (id)
    )
Hibernate: 
    create table facilities (
        available_from time(0),
        available_to time(0),
        capacity integer,
        created_at timestamp(6) not null,
        id bigint generated by default as identity,
        updated_at timestamp(6) not null,
        name varchar(150) not null unique,
        image_url varchar(512),
        description TEXT,
        location varchar(255) not null,
        asset_type enum ('CAMERA','LAPTOP','MICROPHONE','OTHER','PRINTER','PROJECTOR','WHITEBOARD'),
        facility_type enum ('AUDITORIUM','EQUIPMENT','LAB','LECTURE_HALL','MEETING_ROOM') not null,
        status enum ('ACTIVE','OUT_OF_SERVICE') not null,
        primary key (id)
    )
2026-04-21T07:23:13.887+05:30 DEBUG 26548 --- [smart-campus-backend] [  restartedMain] org.hibernate.SQL                        : 
    create table users (
        enabled boolean not null,
        created_at timestamp(6) not null,
        id bigint generated by default as identity,
        updated_at timestamp(6) not null,
        profile_image_url varchar(512),
        email varchar(255) not null unique,
        google_id varchar(255) unique,
        name varchar(255) not null,
        password varchar(255),
        auth_provider enum ('GOOGLE','LOCAL'),
        role enum ('ADMIN','TECHNICIAN','USER') not null,
        primary key (id)
    )
Hibernate: 
    create table users (
        enabled boolean not null,
        created_at timestamp(6) not null,
        id bigint generated by default as identity,
        updated_at timestamp(6) not null,
        profile_image_url varchar(512),
        email varchar(255) not null unique,
        google_id varchar(255) unique,
        name varchar(255) not null,
        password varchar(255),
        auth_provider enum ('GOOGLE','LOCAL'),
        role enum ('ADMIN','TECHNICIAN','USER') not null,
        primary key (id)
    )
2026-04-21T07:23:13.889+05:30 DEBUG 26548 --- [smart-campus-backend] [  restartedMain] org.hibernate.SQL                        : 
    create index idx_facility_type 
       on facilities (facility_type)
Hibernate: 
    create index idx_facility_type 
       on facilities (facility_type)
2026-04-21T07:23:13.890+05:30 DEBUG 26548 --- [smart-campus-backend] [  restartedMain] org.hibernate.SQL                        : 
    create index idx_facility_status 
       on facilities (status)
Hibernate: 
    create index idx_facility_status 
       on facilities (status)
2026-04-21T07:23:13.890+05:30 DEBUG 26548 --- [smart-campus-backend] [  restartedMain] org.hibernate.SQL                        : 
    create index idx_facility_location 
       on facilities (location)
Hibernate: 
    create index idx_facility_location 
       on facilities (location)
2026-04-21T07:23:13.891+05:30 DEBUG 26548 --- [smart-campus-backend] [  restartedMain] org.hibernate.SQL                        : 
    create index idx_user_role 
       on users (role)
Hibernate: 
    create index idx_user_role 
       on users (role)
2026-04-21T07:23:13.891+05:30 DEBUG 26548 --- [smart-campus-backend] [  restartedMain] org.hibernate.SQL                        : 
    alter table if exists booking 
       add constraint FK1redaew5tom8abfmql352xb40 
       foreign key (facility_id) 
       references facilities
Hibernate: 
    alter table if exists booking 
       add constraint FK1redaew5tom8abfmql352xb40 
       foreign key (facility_id) 
       references facilities
2026-04-21T07:23:13.904+05:30 DEBUG 26548 --- [smart-campus-backend] [  restartedMain] org.hibernate.SQL                        : 
    alter table if exists booking 
       add constraint FK7udbel7q86k041591kj6lfmvw 
       foreign key (user_id) 
       references users
Hibernate: 
    alter table if exists booking 
       add constraint FK7udbel7q86k041591kj6lfmvw 
       foreign key (user_id) 
       references users
2026-04-21T07:23:13.907+05:30  INFO 26548 --- [smart-campus-backend] [  restartedMain] j.LocalContainerEntityManagerFactoryBean : Initialized JPA EntityManagerFactory for persistence unit 'default'
2026-04-21T07:23:13.975+05:30  INFO 26548 --- [smart-campus-backend] [  restartedMain] o.s.d.j.r.query.QueryEnhancerFactories   : Hibernate is in classpath; If applicable, HQL parser will be used.
2026-04-21T07:23:14.244+05:30  WARN 26548 --- [smart-campus-backend] [  restartedMain] o.s.aop.framework.CglibAopProxy          : Public final method [public final void org.springframework.security.oauth2.client.userinfo.DefaultOAuth2UserService.setRestOperations(org.springframework.web.client.RestOperations)] cannot get proxied via CGLIB, consider removing the final marker or using interface-based JDK proxies.
2026-04-21T07:23:14.244+05:30  WARN 26548 --- [smart-campus-backend] [  restartedMain] o.s.aop.framework.CglibAopProxy          : Public final method [public final void org.springframework.security.oauth2.client.userinfo.DefaultOAuth2UserService.setRequestEntityConverter(org.springframework.core.convert.converter.Converter)] cannot get proxied via CGLIB, consider removing the final marker or using interface-based JDK proxies.
2026-04-21T07:23:15.824+05:30  WARN 26548 --- [smart-campus-backend] [  restartedMain] JpaBaseConfiguration$JpaWebConfiguration : spring.jpa.open-in-view is enabled by default. Therefore, database queries may be performed during view rendering. Explicitly configure spring.jpa.open-in-view to disable this warning
2026-04-21T07:23:15.903+05:30  INFO 26548 --- [smart-campus-backend] [  restartedMain] r$InitializeUserDetailsManagerConfigurer : Global AuthenticationManager configured with UserDetailsService bean with name customUserDetailsService
2026-04-21T07:23:16.764+05:30  INFO 26548 --- [smart-campus-backend] [  restartedMain] o.s.boot.tomcat.TomcatWebServer          : Tomcat started on port 8080 (http) with context path '/'
2026-04-21T07:23:16.769+05:30  INFO 26548 --- [smart-campus-backend] [  restartedMain] com.paf.smarthub.SmarthubApplication     : Started SmarthubApplication in 6.635 seconds (process running for 7.086)
2026-04-21T07:23:38.303+05:30  INFO 26548 --- [smart-campus-backend] [nio-8080-exec-1] o.a.c.c.C.[Tomcat].[localhost].[/]       : Initializing Spring DispatcherServlet 'dispatcherServlet'
2026-04-21T07:23:38.304+05:30  INFO 26548 --- [smart-campus-backend] [nio-8080-exec-1] o.s.web.servlet.DispatcherServlet        : Initializing Servlet 'dispatcherServlet'
2026-04-21T07:23:38.305+05:30  INFO 26548 --- [smart-campus-backend] [nio-8080-exec-1] o.s.web.servlet.DispatcherServlet        : Completed initialization in 1 ms
2026-04-21T07:23:38.510+05:30 DEBUG 26548 --- [smart-campus-backend] [nio-8080-exec-1] org.hibernate.SQL                        : 
    select
        u1_0.id 
    from
        users u1_0 
    where
        u1_0.email=? 
    fetch
        first ? rows only
Hibernate: 
    select
        u1_0.id 
    from
        users u1_0 
    where
        u1_0.email=? 
    fetch
        first ? rows only
2026-04-21T07:23:38.658+05:30 DEBUG 26548 --- [smart-campus-backend] [nio-8080-exec-1] org.hibernate.SQL                        : 
    insert 
    into
        users
        (auth_provider, created_at, email, enabled, google_id, name, password, profile_image_url, role, updated_at, id) 
    values
        (?, ?, ?, ?, ?, ?, ?, ?, ?, ?, default)
Hibernate: 
    insert 
    into
        users
        (auth_provider, created_at, email, enabled, google_id, name, password, profile_image_url, role, updated_at, id) 
    values
        (?, ?, ?, ?, ?, ?, ?, ?, ?, ?, default)
2026-04-21T07:23:38.675+05:30  INFO 26548 --- [smart-campus-backend] [nio-8080-exec-1] c.paf.smarthub.auth.service.UserService  : New user registered: sarah.johnson.2026@example.com (role: ADMIN)
2026-04-21T07:23:42.255+05:30  WARN 26548 --- [smart-campus-backend] [nio-8080-exec-2] c.p.s.a.s.JwtAuthenticationEntryPoint    : Unauthorized request to /api/auth/health: Full authentication is required to access this resource
2026-04-21T07:23:47.486+05:30 DEBUG 26548 --- [smart-campus-backend] [nio-8080-exec-5] org.hibernate.SQL                        : 
    select
        u1_0.id 
    from
        users u1_0 
    where
        u1_0.email=? 
    fetch
        first ? rows only
Hibernate: 
    select
        u1_0.id 
    from
        users u1_0 
    where
        u1_0.email=? 
    fetch
        first ? rows only
2026-04-21T07:23:47.492+05:30  WARN 26548 --- [smart-campus-backend] [nio-8080-exec-5] c.p.s.s.e.GlobalExceptionHandler         : Duplicate resource: User already exists with email: 'sarah.johnson.2026@example.com'
2026-04-21T07:23:47.494+05:30  WARN 26548 --- [smart-campus-backend] [nio-8080-exec-5] .m.m.a.ExceptionHandlerExceptionResolver : Resolved [com.paf.smarthub.shared.exception.DuplicateResourceException: User already exists with email: 'sarah.johnson.2026@example.com']
2026-04-21T07:23:59.050+05:30 DEBUG 26548 --- [smart-campus-backend] [nio-8080-exec-6] org.hibernate.SQL                        : 
    select
        u1_0.id 
    from
        users u1_0 
    where
        u1_0.email=? 
    fetch
        first ? rows only
Hibernate: 
    select
        u1_0.id 
    from
        users u1_0 
    where
        u1_0.email=? 
    fetch
        first ? rows only
2026-04-21T07:23:59.052+05:30  WARN 26548 --- [smart-campus-backend] [nio-8080-exec-6] c.p.s.s.e.GlobalExceptionHandler         : Duplicate resource: User already exists with email: 'sarah.johnson.2026@example.com'
2026-04-21T07:23:59.053+05:30  WARN 26548 --- [smart-campus-backend] [nio-8080-exec-6] .m.m.a.ExceptionHandlerExceptionResolver : Resolved [com.paf.smarthub.shared.exception.DuplicateResourceException: User already exists with email: 'sarah.johnson.2026@example.com']
2026-04-21T07:24:19.271+05:30 DEBUG 26548 --- [smart-campus-backend] [nio-8080-exec-7] org.hibernate.SQL                        : 
    select
        u1_0.id,
        u1_0.auth_provider,
        u1_0.created_at,
        u1_0.email,
        u1_0.enabled,
        u1_0.google_id,
        u1_0.name,
        u1_0.password,
        u1_0.profile_image_url,
        u1_0.role,
        u1_0.updated_at 
    from
        users u1_0 
    where
        u1_0.email=?
Hibernate: 
    select
        u1_0.id,
        u1_0.auth_provider,
        u1_0.created_at,
        u1_0.email,
        u1_0.enabled,
        u1_0.google_id,
        u1_0.name,
        u1_0.password,
        u1_0.profile_image_url,
        u1_0.role,
        u1_0.updated_at 
    from
        users u1_0 
    where
        u1_0.email=?
2026-04-21T07:24:19.373+05:30  INFO 26548 --- [smart-campus-backend] [nio-8080-exec-7] c.paf.smarthub.auth.service.UserService  : User authenticated: sarah.johnson.2026@example.com (role: ADMIN)
2026-04-21T07:24:31.025+05:30 DEBUG 26548 --- [smart-campus-backend] [io-8080-exec-10] org.hibernate.SQL                        : 
    select
        u1_0.id,
        u1_0.auth_provider,
        u1_0.created_at,
        u1_0.email,
        u1_0.enabled,
        u1_0.google_id,
        u1_0.name,
        u1_0.password,
        u1_0.profile_image_url,
        u1_0.role,
        u1_0.updated_at 
    from
        users u1_0 
    where
        u1_0.email=?
Hibernate: 
    select
        u1_0.id,
        u1_0.auth_provider,
        u1_0.created_at,
        u1_0.email,
        u1_0.enabled,
        u1_0.google_id,
        u1_0.name,
        u1_0.password,
        u1_0.profile_image_url,
        u1_0.role,
        u1_0.updated_at 
    from
        users u1_0 
    where
        u1_0.email=?
2026-04-21T07:24:31.117+05:30  INFO 26548 --- [smart-campus-backend] [io-8080-exec-10] c.paf.smarthub.auth.service.UserService  : User authenticated: sarah.johnson.2026@example.com (role: ADMIN)
2026-04-21T07:24:37.382+05:30 DEBUG 26548 --- [smart-campus-backend] [nio-8080-exec-2] org.hibernate.SQL                        : 
    select
        u1_0.id,
        u1_0.auth_provider,
        u1_0.created_at,
        u1_0.email,
        u1_0.enabled,
        u1_0.google_id,
        u1_0.name,
        u1_0.password,
        u1_0.profile_image_url,
        u1_0.role,
        u1_0.updated_at 
    from
        users u1_0 
    where
        u1_0.email=?
Hibernate: 
    select
        u1_0.id,
        u1_0.auth_provider,
        u1_0.created_at,
        u1_0.email,
        u1_0.enabled,
        u1_0.google_id,
        u1_0.name,
        u1_0.password,
        u1_0.profile_image_url,
        u1_0.role,
        u1_0.updated_at 
    from
        users u1_0 
    where
        u1_0.email=?
2026-04-21T07:24:37.454+05:30 DEBUG 26548 --- [smart-campus-backend] [nio-8080-exec-2] org.hibernate.SQL                        : 
    select
        fe1_0.id 
    from
        facilities fe1_0 
    where
        upper(fe1_0.name)=upper(?) 
    fetch
        first ? rows only
Hibernate: 
    select
        fe1_0.id 
    from
        facilities fe1_0 
    where
        upper(fe1_0.name)=upper(?) 
    fetch
        first ? rows only
2026-04-21T07:24:37.457+05:30 DEBUG 26548 --- [smart-campus-backend] [nio-8080-exec-2] org.hibernate.SQL                        : 
    insert 
    into
        facilities
        (asset_type, available_from, available_to, capacity, created_at, description, facility_type, image_url, location, name, status, updated_at, id) 
    values
        (?, ?, ?, ?, ?, ?, ?, ?, ?, ?, ?, ?, default)
Hibernate: 
    insert 
    into
        facilities
        (asset_type, available_from, available_to, capacity, created_at, description, facility_type, image_url, location, name, status, updated_at, id) 
    values
        (?, ?, ?, ?, ?, ?, ?, ?, ?, ?, ?, ?, default)
2026-04-21T07:24:37.458+05:30  INFO 26548 --- [smart-campus-backend] [nio-8080-exec-2] c.paf.smarthub.facility.FacilityService  : Facility created: Lecture Hall A101 (type: LECTURE_HALL)
2026-04-21T07:27:55.666+05:30 DEBUG 26548 --- [smart-campus-backend] [nio-8080-exec-5] org.hibernate.SQL                        : 
    select
        u1_0.id,
        u1_0.auth_provider,
        u1_0.created_at,
        u1_0.email,
        u1_0.enabled,
        u1_0.google_id,
        u1_0.name,
        u1_0.password,
        u1_0.profile_image_url,
        u1_0.role,
        u1_0.updated_at 
    from
        users u1_0 
    where
        u1_0.email=?
Hibernate: 
    select
        u1_0.id,
        u1_0.auth_provider,
        u1_0.created_at,
        u1_0.email,
        u1_0.enabled,
        u1_0.google_id,
        u1_0.name,
        u1_0.password,
        u1_0.profile_image_url,
        u1_0.role,
        u1_0.updated_at 
    from
        users u1_0 
    where
        u1_0.email=?
2026-04-21T07:27:55.671+05:30 DEBUG 26548 --- [smart-campus-backend] [nio-8080-exec-5] org.hibernate.SQL                        : 
    select
        fe1_0.id 
    from
        facilities fe1_0 
    where
        upper(fe1_0.name)=upper(?) 
    fetch
        first ? rows only
Hibernate: 
    select
        fe1_0.id 
    from
        facilities fe1_0 
    where
        upper(fe1_0.name)=upper(?) 
    fetch
        first ? rows only
2026-04-21T07:27:55.672+05:30  WARN 26548 --- [smart-campus-backend] [nio-8080-exec-5] c.p.s.s.e.GlobalExceptionHandler         : Duplicate resource: Facility already exists with name: 'Lecture Hall A101'
2026-04-21T07:27:55.674+05:30  WARN 26548 --- [smart-campus-backend] [nio-8080-exec-5] .m.m.a.ExceptionHandlerExceptionResolver : Resolved [com.paf.smarthub.shared.exception.DuplicateResourceException: Facility already exists with name: 'Lecture Hall A101']
2026-04-21T08:02:35.240+05:30 DEBUG 26548 --- [smart-campus-backend] [nio-8080-exec-6] org.hibernate.SQL                        : 
    select
        u1_0.id,
        u1_0.auth_provider,
        u1_0.created_at,
        u1_0.email,
        u1_0.enabled,
        u1_0.google_id,
        u1_0.name,
        u1_0.password,
        u1_0.profile_image_url,
        u1_0.role,
        u1_0.updated_at 
    from
        users u1_0 
    where
        u1_0.email=?
Hibernate: 
    select
        u1_0.id,
        u1_0.auth_provider,
        u1_0.created_at,
        u1_0.email,
        u1_0.enabled,
        u1_0.google_id,
        u1_0.name,
        u1_0.password,
        u1_0.profile_image_url,
        u1_0.role,
        u1_0.updated_at 
    from
        users u1_0 
    where
        u1_0.email=?
2026-04-21T08:02:35.258+05:30 DEBUG 26548 --- [smart-campus-backend] [nio-8080-exec-6] org.hibernate.SQL                        : 
    select
        fe1_0.id 
    from
        facilities fe1_0 
    where
        upper(fe1_0.name)=upper(?) 
    fetch
        first ? rows only
Hibernate: 
    select
        fe1_0.id 
    from
        facilities fe1_0 
    where
        upper(fe1_0.name)=upper(?) 
    fetch
        first ? rows only
2026-04-21T08:02:35.261+05:30 DEBUG 26548 --- [smart-campus-backend] [nio-8080-exec-6] org.hibernate.SQL                        : 
    insert 
    into
        facilities
        (asset_type, available_from, available_to, capacity, created_at, description, facility_type, image_url, location, name, status, updated_at, id) 
    values
        (?, ?, ?, ?, ?, ?, ?, ?, ?, ?, ?, ?, default)
Hibernate: 
    insert 
    into
        facilities
        (asset_type, available_from, available_to, capacity, created_at, description, facility_type, image_url, location, name, status, updated_at, id) 
    values
        (?, ?, ?, ?, ?, ?, ?, ?, ?, ?, ?, ?, default)
2026-04-21T08:02:35.262+05:30  INFO 26548 --- [smart-campus-backend] [nio-8080-exec-6] c.paf.smarthub.facility.FacilityService  : Facility created: Computer Lab B205 (type: LAB)
2026-04-21T08:02:50.164+05:30 DEBUG 26548 --- [smart-campus-backend] [nio-8080-exec-7] org.hibernate.SQL                        : 
    select
        u1_0.id,
        u1_0.auth_provider,
        u1_0.created_at,
        u1_0.email,
        u1_0.enabled,
        u1_0.google_id,
        u1_0.name,
        u1_0.password,
        u1_0.profile_image_url,
        u1_0.role,
        u1_0.updated_at 
    from
        users u1_0 
    where
        u1_0.email=?
Hibernate: 
    select
        u1_0.id,
        u1_0.auth_provider,
        u1_0.created_at,
        u1_0.email,
        u1_0.enabled,
        u1_0.google_id,
        u1_0.name,
        u1_0.password,
        u1_0.profile_image_url,
        u1_0.role,
        u1_0.updated_at 
    from
        users u1_0 
    where
        u1_0.email=?
2026-04-21T08:02:50.169+05:30 DEBUG 26548 --- [smart-campus-backend] [nio-8080-exec-7] org.hibernate.SQL                        : 
    select
        u1_0.id,
        u1_0.auth_provider,
        u1_0.created_at,
        u1_0.email,
        u1_0.enabled,
        u1_0.google_id,
        u1_0.name,
        u1_0.password,
        u1_0.profile_image_url,
        u1_0.role,
        u1_0.updated_at 
    from
        users u1_0 
    where
        u1_0.email=?
Hibernate: 
    select
        u1_0.id,
        u1_0.auth_provider,
        u1_0.created_at,
        u1_0.email,
        u1_0.enabled,
        u1_0.google_id,
        u1_0.name,
        u1_0.password,
        u1_0.profile_image_url,
        u1_0.role,
        u1_0.updated_at 
    from
        users u1_0 
    where
        u1_0.email=?
2026-04-21T08:02:50.181+05:30 DEBUG 26548 --- [smart-campus-backend] [nio-8080-exec-9] org.hibernate.SQL                        : 
    select
        u1_0.id,
        u1_0.auth_provider,
        u1_0.created_at,
        u1_0.email,
        u1_0.enabled,
        u1_0.google_id,
        u1_0.name,
        u1_0.password,
        u1_0.profile_image_url,
        u1_0.role,
        u1_0.updated_at 
    from
        users u1_0 
    where
        u1_0.email=?
Hibernate: 
    select
        u1_0.id,
        u1_0.auth_provider,
        u1_0.created_at,
        u1_0.email,
        u1_0.enabled,
        u1_0.google_id,
        u1_0.name,
        u1_0.password,
        u1_0.profile_image_url,
        u1_0.role,
        u1_0.updated_at 
    from
        users u1_0 
    where
        u1_0.email=?
2026-04-21T08:02:50.184+05:30 DEBUG 26548 --- [smart-campus-backend] [nio-8080-exec-9] org.hibernate.SQL                        : 
    select
        u1_0.id,
        u1_0.auth_provider,
        u1_0.created_at,
        u1_0.email,
        u1_0.enabled,
        u1_0.google_id,
        u1_0.name,
        u1_0.password,
        u1_0.profile_image_url,
        u1_0.role,
        u1_0.updated_at 
    from
        users u1_0 
    where
        u1_0.email=?
Hibernate: 
    select
        u1_0.id,
        u1_0.auth_provider,
        u1_0.created_at,
        u1_0.email,
        u1_0.enabled,
        u1_0.google_id,
        u1_0.name,
        u1_0.password,
        u1_0.profile_image_url,
        u1_0.role,
        u1_0.updated_at 
    from
        users u1_0 
    where
        u1_0.email=?
2026-04-21T08:02:50.205+05:30 DEBUG 26548 --- [smart-campus-backend] [io-8080-exec-10] org.hibernate.SQL                        : 
    select
        u1_0.id,
        u1_0.auth_provider,
        u1_0.created_at,
        u1_0.email,
        u1_0.enabled,
        u1_0.google_id,
        u1_0.name,
        u1_0.password,
        u1_0.profile_image_url,
        u1_0.role,
        u1_0.updated_at 
    from
        users u1_0 
    where
        u1_0.email=?
Hibernate: 
    select
        u1_0.id,
        u1_0.auth_provider,
        u1_0.created_at,
        u1_0.email,
        u1_0.enabled,
        u1_0.google_id,
        u1_0.name,
        u1_0.password,
        u1_0.profile_image_url,
        u1_0.role,
        u1_0.updated_at 
    from
        users u1_0 
    where
        u1_0.email=?
2026-04-21T08:02:50.229+05:30 DEBUG 26548 --- [smart-campus-backend] [io-8080-exec-10] org.hibernate.SQL                        : 
    select
        fe1_0.id,
        fe1_0.asset_type,
        fe1_0.available_from,
        fe1_0.available_to,
        fe1_0.capacity,
        fe1_0.created_at,
        fe1_0.description,
        fe1_0.facility_type,
        fe1_0.image_url,
        fe1_0.location,
        fe1_0.name,
        fe1_0.status,
        fe1_0.updated_at 
    from
        facilities fe1_0
Hibernate: 
    select
        fe1_0.id,
        fe1_0.asset_type,
        fe1_0.available_from,
        fe1_0.available_to,
        fe1_0.capacity,
        fe1_0.created_at,
        fe1_0.description,
        fe1_0.facility_type,
        fe1_0.image_url,
        fe1_0.location,
        fe1_0.name,
        fe1_0.status,
        fe1_0.updated_at 
    from
        facilities fe1_0
2026-04-21T08:02:50.240+05:30 DEBUG 26548 --- [smart-campus-backend] [nio-8080-exec-1] org.hibernate.SQL                        : 
    select
        u1_0.id,
        u1_0.auth_provider,
        u1_0.created_at,
        u1_0.email,
        u1_0.enabled,
        u1_0.google_id,
        u1_0.name,
        u1_0.password,
        u1_0.profile_image_url,
        u1_0.role,
        u1_0.updated_at 
    from
        users u1_0 
    where
        u1_0.email=?
Hibernate: 
    select
        u1_0.id,
        u1_0.auth_provider,
        u1_0.created_at,
        u1_0.email,
        u1_0.enabled,
        u1_0.google_id,
        u1_0.name,
        u1_0.password,
        u1_0.profile_image_url,
        u1_0.role,
        u1_0.updated_at 
    from
        users u1_0 
    where
        u1_0.email=?
2026-04-21T08:02:50.244+05:30 DEBUG 26548 --- [smart-campus-backend] [nio-8080-exec-1] org.hibernate.SQL                        : 
    select
        fe1_0.id,
        fe1_0.asset_type,
        fe1_0.available_from,
        fe1_0.available_to,
        fe1_0.capacity,
        fe1_0.created_at,
        fe1_0.description,
        fe1_0.facility_type,
        fe1_0.image_url,
        fe1_0.location,
        fe1_0.name,
        fe1_0.status,
        fe1_0.updated_at 
    from
        facilities fe1_0
Hibernate: 
    select
        fe1_0.id,
        fe1_0.asset_type,
        fe1_0.available_from,
        fe1_0.available_to,
        fe1_0.capacity,
        fe1_0.created_at,
        fe1_0.description,
        fe1_0.facility_type,
        fe1_0.image_url,
        fe1_0.location,
        fe1_0.name,
        fe1_0.status,
        fe1_0.updated_at 
    from
        facilities fe1_0
2026-04-21T08:03:09.938+05:30 DEBUG 26548 --- [smart-campus-backend] [nio-8080-exec-2] org.hibernate.SQL                        : 
    select
        u1_0.id,
        u1_0.auth_provider,
        u1_0.created_at,
        u1_0.email,
        u1_0.enabled,
        u1_0.google_id,
        u1_0.name,
        u1_0.password,
        u1_0.profile_image_url,
        u1_0.role,
        u1_0.updated_at 
    from
        users u1_0 
    where
        u1_0.email=?
Hibernate: 
    select
        u1_0.id,
        u1_0.auth_provider,
        u1_0.created_at,
        u1_0.email,
        u1_0.enabled,
        u1_0.google_id,
        u1_0.name,
        u1_0.password,
        u1_0.profile_image_url,
        u1_0.role,
        u1_0.updated_at 
    from
        users u1_0 
    where
        u1_0.email=?
2026-04-21T08:03:10.043+05:30  INFO 26548 --- [smart-campus-backend] [nio-8080-exec-2] c.paf.smarthub.auth.service.UserService  : User authenticated: sarah.johnson.2026@example.com (role: ADMIN)
2026-04-21T08:03:10.092+05:30 DEBUG 26548 --- [smart-campus-backend] [nio-8080-exec-5] org.hibernate.SQL                        : 
    select
        u1_0.id,
        u1_0.auth_provider,
        u1_0.created_at,
        u1_0.email,
        u1_0.enabled,
        u1_0.google_id,
        u1_0.name,
        u1_0.password,
        u1_0.profile_image_url,
        u1_0.role,
        u1_0.updated_at 
    from
        users u1_0 
    where
        u1_0.email=?
Hibernate: 
    select
        u1_0.id,
        u1_0.auth_provider,
        u1_0.created_at,
        u1_0.email,
        u1_0.enabled,
        u1_0.google_id,
        u1_0.name,
        u1_0.password,
        u1_0.profile_image_url,
        u1_0.role,
        u1_0.updated_at 
    from
        users u1_0 
    where
        u1_0.email=?
2026-04-21T08:03:10.095+05:30 DEBUG 26548 --- [smart-campus-backend] [nio-8080-exec-5] org.hibernate.SQL                        : 
    select
        fe1_0.id,
        fe1_0.asset_type,
        fe1_0.available_from,
        fe1_0.available_to,
        fe1_0.capacity,
        fe1_0.created_at,
        fe1_0.description,
        fe1_0.facility_type,
        fe1_0.image_url,
        fe1_0.location,
        fe1_0.name,
        fe1_0.status,
        fe1_0.updated_at 
    from
        facilities fe1_0
Hibernate: 
    select
        fe1_0.id,
        fe1_0.asset_type,
        fe1_0.available_from,
        fe1_0.available_to,
        fe1_0.capacity,
        fe1_0.created_at,
        fe1_0.description,
        fe1_0.facility_type,
        fe1_0.image_url,
        fe1_0.location,
        fe1_0.name,
        fe1_0.status,
        fe1_0.updated_at 
    from
        facilities fe1_0
2026-04-21T08:03:25.707+05:30 DEBUG 26548 --- [smart-campus-backend] [nio-8080-exec-8] org.hibernate.SQL                        : 
    select
        u1_0.id,
        u1_0.auth_provider,
        u1_0.created_at,
        u1_0.email,
        u1_0.enabled,
        u1_0.google_id,
        u1_0.name,
        u1_0.password,
        u1_0.profile_image_url,
        u1_0.role,
        u1_0.updated_at 
    from
        users u1_0 
    where
        u1_0.email=?
Hibernate: 
    select
        u1_0.id,
        u1_0.auth_provider,
        u1_0.created_at,
        u1_0.email,
        u1_0.enabled,
        u1_0.google_id,
        u1_0.name,
        u1_0.password,
        u1_0.profile_image_url,
        u1_0.role,
        u1_0.updated_at 
    from
        users u1_0 
    where
        u1_0.email=?
2026-04-21T08:03:25.799+05:30  INFO 26548 --- [smart-campus-backend] [nio-8080-exec-8] c.paf.smarthub.auth.service.UserService  : User authenticated: sarah.johnson.2026@example.com (role: ADMIN)
2026-04-21T08:03:25.808+05:30 DEBUG 26548 --- [smart-campus-backend] [nio-8080-exec-9] org.hibernate.SQL                        : 
    select
        u1_0.id,
        u1_0.auth_provider,
        u1_0.created_at,
        u1_0.email,
        u1_0.enabled,
        u1_0.google_id,
        u1_0.name,
        u1_0.password,
        u1_0.profile_image_url,
        u1_0.role,
        u1_0.updated_at 
    from
        users u1_0 
    where
        u1_0.email=?
Hibernate: 
    select
        u1_0.id,
        u1_0.auth_provider,
        u1_0.created_at,
        u1_0.email,
        u1_0.enabled,
        u1_0.google_id,
        u1_0.name,
        u1_0.password,
        u1_0.profile_image_url,
        u1_0.role,
        u1_0.updated_at 
    from
        users u1_0 
    where
        u1_0.email=?
2026-04-21T08:03:25.810+05:30 DEBUG 26548 --- [smart-campus-backend] [nio-8080-exec-9] org.hibernate.SQL                        : 
    select
        fe1_0.id,
        fe1_0.asset_type,
        fe1_0.available_from,
        fe1_0.available_to,
        fe1_0.capacity,
        fe1_0.created_at,
        fe1_0.description,
        fe1_0.facility_type,
        fe1_0.image_url,
        fe1_0.location,
        fe1_0.name,
        fe1_0.status,
        fe1_0.updated_at 
    from
        facilities fe1_0
Hibernate: 
    select
        fe1_0.id,
        fe1_0.asset_type,
        fe1_0.available_from,
        fe1_0.available_to,
        fe1_0.capacity,
        fe1_0.created_at,
        fe1_0.description,
        fe1_0.facility_type,
        fe1_0.image_url,
        fe1_0.location,
        fe1_0.name,
        fe1_0.status,
        fe1_0.updated_at 
    from
        facilities fe1_0
2026-04-21T08:03:51.587+05:30  WARN 26548 --- [smart-campus-backend] [nio-8080-exec-4] c.p.s.a.s.JwtAuthenticationEntryPoint    : Unauthorized request to /api/health: Full authentication is required to access this resource
2026-04-21T08:04:17.903+05:30  WARN 26548 --- [smart-campus-backend] [nio-8080-exec-3] c.p.s.a.s.JwtAuthenticationEntryPoint    : Unauthorized request to /api/health: Full authentication is required to access this resource
2026-04-21T08:04:19.919+05:30  WARN 26548 --- [smart-campus-backend] [nio-8080-exec-8] c.p.s.a.s.JwtAuthenticationEntryPoint    : Unauthorized request to /api/health: Full authentication is required to access this resource
2026-04-21T08:04:21.927+05:30  WARN 26548 --- [smart-campus-backend] [nio-8080-exec-9] c.p.s.a.s.JwtAuthenticationEntryPoint    : Unauthorized request to /api/health: Full authentication is required to access this resource
2026-04-21T08:04:23.937+05:30  WARN 26548 --- [smart-campus-backend] [nio-8080-exec-1] c.p.s.a.s.JwtAuthenticationEntryPoint    : Unauthorized request to /api/health: Full authentication is required to access this resource
2026-04-21T08:04:25.949+05:30  WARN 26548 --- [smart-campus-backend] [nio-8080-exec-4] c.p.s.a.s.JwtAuthenticationEntryPoint    : Unauthorized request to /api/health: Full authentication is required to access this resource
2026-04-21T08:04:27.955+05:30  WARN 26548 --- [smart-campus-backend] [nio-8080-exec-3] c.p.s.a.s.JwtAuthenticationEntryPoint    : Unauthorized request to /api/health: Full authentication is required to access this resource
2026-04-21T08:04:29.975+05:30  WARN 26548 --- [smart-campus-backend] [nio-8080-exec-8] c.p.s.a.s.JwtAuthenticationEntryPoint    : Unauthorized request to /api/health: Full authentication is required to access this resource
2026-04-21T08:04:31.984+05:30  WARN 26548 --- [smart-campus-backend] [nio-8080-exec-9] c.p.s.a.s.JwtAuthenticationEntryPoint    : Unauthorized request to /api/health: Full authentication is required to access this resource
2026-04-21T08:04:33.997+05:30  WARN 26548 --- [smart-campus-backend] [nio-8080-exec-1] c.p.s.a.s.JwtAuthenticationEntryPoint    : Unauthorized request to /api/health: Full authentication is required to access this resource
2026-04-21T08:04:36.008+05:30  WARN 26548 --- [smart-campus-backend] [nio-8080-exec-4] c.p.s.a.s.JwtAuthenticationEntryPoint    : Unauthorized request to /api/health: Full authentication is required to access this resource
2026-04-21T08:04:38.016+05:30  WARN 26548 --- [smart-campus-backend] [nio-8080-exec-3] c.p.s.a.s.JwtAuthenticationEntryPoint    : Unauthorized request to /api/health: Full authentication is required to access this resource
2026-04-21T08:04:40.025+05:30  WARN 26548 --- [smart-campus-backend] [nio-8080-exec-8] c.p.s.a.s.JwtAuthenticationEntryPoint    : Unauthorized request to /api/health: Full authentication is required to access this resource
2026-04-21T08:04:42.044+05:30  WARN 26548 --- [smart-campus-backend] [nio-8080-exec-9] c.p.s.a.s.JwtAuthenticationEntryPoint    : Unauthorized request to /api/health: Full authentication is required to access this resource
2026-04-21T08:04:44.052+05:30  WARN 26548 --- [smart-campus-backend] [nio-8080-exec-1] c.p.s.a.s.JwtAuthenticationEntryPoint    : Unauthorized request to /api/health: Full authentication is required to access this resource
2026-04-21T08:04:46.060+05:30  WARN 26548 --- [smart-campus-backend] [nio-8080-exec-4] c.p.s.a.s.JwtAuthenticationEntryPoint    : Unauthorized request to /api/health: Full authentication is required to access this resource
2026-04-21T08:04:48.079+05:30  WARN 26548 --- [smart-campus-backend] [nio-8080-exec-3] c.p.s.a.s.JwtAuthenticationEntryPoint    : Unauthorized request to /api/health: Full authentication is required to access this resource
2026-04-21T08:04:50.085+05:30  WARN 26548 --- [smart-campus-backend] [nio-8080-exec-8] c.p.s.a.s.JwtAuthenticationEntryPoint    : Unauthorized request to /api/health: Full authentication is required to access this resource
2026-04-21T08:04:52.105+05:30  WARN 26548 --- [smart-campus-backend] [nio-8080-exec-9] c.p.s.a.s.JwtAuthenticationEntryPoint    : Unauthorized request to /api/health: Full authentication is required to access this resource
2026-04-21T08:04:54.113+05:30  WARN 26548 --- [smart-campus-backend] [nio-8080-exec-1] c.p.s.a.s.JwtAuthenticationEntryPoint    : Unauthorized request to /api/health: Full authentication is required to access this resource
2026-04-21T08:04:56.125+05:30  WARN 26548 --- [smart-campus-backend] [nio-8080-exec-4] c.p.s.a.s.JwtAuthenticationEntryPoint    : Unauthorized request to /api/health: Full authentication is required to access this resource
2026-04-21T08:04:58.141+05:30  WARN 26548 --- [smart-campus-backend] [nio-8080-exec-3] c.p.s.a.s.JwtAuthenticationEntryPoint    : Unauthorized request to /api/health: Full authentication is required to access this resource
2026-04-21T08:05:00.157+05:30  WARN 26548 --- [smart-campus-backend] [nio-8080-exec-8] c.p.s.a.s.JwtAuthenticationEntryPoint    : Unauthorized request to /api/health: Full authentication is required to access this resource
2026-04-21T08:05:02.166+05:30  WARN 26548 --- [smart-campus-backend] [nio-8080-exec-9] c.p.s.a.s.JwtAuthenticationEntryPoint    : Unauthorized request to /api/health: Full authentication is required to access this resource
2026-04-21T08:05:04.180+05:30  WARN 26548 --- [smart-campus-backend] [nio-8080-exec-1] c.p.s.a.s.JwtAuthenticationEntryPoint    : Unauthorized request to /api/health: Full authentication is required to access this resource
2026-04-21T08:05:06.196+05:30  WARN 26548 --- [smart-campus-backend] [nio-8080-exec-4] c.p.s.a.s.JwtAuthenticationEntryPoint    : Unauthorized request to /api/health: Full authentication is required to access this resource
2026-04-21T08:05:08.208+05:30  WARN 26548 --- [smart-campus-backend] [nio-8080-exec-3] c.p.s.a.s.JwtAuthenticationEntryPoint    : Unauthorized request to /api/health: Full authentication is required to access this resource
2026-04-21T08:05:10.227+05:30  WARN 26548 --- [smart-campus-backend] [nio-8080-exec-8] c.p.s.a.s.JwtAuthenticationEntryPoint    : Unauthorized request to /api/health: Full authentication is required to access this resource
2026-04-21T08:05:12.250+05:30  WARN 26548 --- [smart-campus-backend] [nio-8080-exec-9] c.p.s.a.s.JwtAuthenticationEntryPoint    : Unauthorized request to /api/health: Full authentication is required to access this resource
2026-04-21T08:05:14.259+05:30  WARN 26548 --- [smart-campus-backend] [nio-8080-exec-1] c.p.s.a.s.JwtAuthenticationEntryPoint    : Unauthorized request to /api/health: Full authentication is required to access this resource
2026-04-21T08:05:16.274+05:30  WARN 26548 --- [smart-campus-backend] [nio-8080-exec-4] c.p.s.a.s.JwtAuthenticationEntryPoint    : Unauthorized request to /api/health: Full authentication is required to access this resource
